<?xml version="1.0" encoding="UTF-8"?>
<coverage generated="1683034357566" clover="3.2.0">
  <project timestamp="1683034357566" name="All files">
    <metrics statements="9" coveredstatements="9" conditionals="5" coveredconditionals="5" methods="5" coveredmethods="5" elements="19" coveredelements="19" complexity="0" loc="9" ncloc="9" packages="1" files="1" classes="1"/>
    <file name="utils.ts" path="/home/istrugatskiy/Desktop/html/web-development/mamklearn/src/scripts/utils.ts">
      <metrics statements="9" coveredstatements="9" conditionals="5" coveredconditionals="5" methods="5" coveredmethods="5"/>
      <line num="7" count="1" type="stmt"/>
      <line num="9" count="1" type="stmt"/>
      <line num="17" count="4" type="stmt"/>
      <line num="28" count="3" type="cond" truecount="4" falsecount="0"/>
      <line num="40" count="5" type="stmt"/>
      <line num="41" count="5" type="stmt"/>
      <line num="42" count="22" type="stmt"/>
      <line num="43" count="22" type="stmt"/>
      <line num="45" count="5" type="stmt"/>
    </file>
  </project>
</coverage>
