{"/home/istrugatskiy/Desktop/html/web-development/mamklearn/src/scripts/utils.ts": {"path":"/home/istrugatskiy/Desktop/html/web-development/mamklearn/src/scripts/utils.ts","statementMap":{"0":{"start":{"line":7,"column":21},"end":{"line":7,"column":86}},"1":{"start":{"line":7,"column":37},"end":{"line":7,"column":86}},"2":{"start":{"line":7,"column":62},"end":{"line":7,"column":85}},"3":{"start":{"line":7,"column":13},"end":{"line":7,"column":21}},"4":{"start":{"line":9,"column":13},"end":{"line":47,"column":2}},"5":{"start":{"line":17,"column":47},"end":{"line":17,"column":66}},"6":{"start":{"line":28,"column":8},"end":{"line":28,"column":57}},"7":{"start":{"line":40,"column":20},"end":{"line":40,"column":22}},"8":{"start":{"line":41,"column":8},"end":{"line":44,"column":null}},"9":{"start":{"line":41,"column":21},"end":{"line":41,"column":29}},"10":{"start":{"line":42,"column":27},"end":{"line":42,"column":52}},"11":{"start":{"line":43,"column":12},"end":{"line":43,"column":29}},"12":{"start":{"line":45,"column":8},"end":{"line":45,"column":19}}},"fnMap":{"0":{"name":"(anonymous_0)","decl":{"start":{"line":7,"column":21},"end":{"line":7,"column":22}},"loc":{"start":{"line":7,"column":37},"end":{"line":7,"column":86}}},"1":{"name":"(anonymous_1)","decl":{"start":{"line":7,"column":49},"end":{"line":7,"column":50}},"loc":{"start":{"line":7,"column":62},"end":{"line":7,"column":85}}},"2":{"name":"(anonymous_2)","decl":{"start":{"line":17,"column":10},"end":{"line":17,"column":11}},"loc":{"start":{"line":17,"column":47},"end":{"line":17,"column":66}}},"3":{"name":"(anonymous_3)","decl":{"start":{"line":27,"column":11},"end":{"line":27,"column":12}},"loc":{"start":{"line":27,"column":61},"end":{"line":29,"column":5}}},"4":{"name":"(anonymous_4)","decl":{"start":{"line":39,"column":11},"end":{"line":39,"column":12}},"loc":{"start":{"line":39,"column":68},"end":{"line":46,"column":5}}}},"branchMap":{"0":{"loc":{"start":{"line":28,"column":15},"end":{"line":28,"column":56}},"type":"cond-expr","locations":[{"start":{"line":28,"column":28},"end":{"line":28,"column":31}},{"start":{"line":28,"column":34},"end":{"line":28,"column":56}}]},"1":{"loc":{"start":{"line":28,"column":34},"end":{"line":28,"column":56}},"type":"cond-expr","locations":[{"start":{"line":28,"column":47},"end":{"line":28,"column":50}},{"start":{"line":28,"column":53},"end":{"line":28,"column":56}}]},"2":{"loc":{"start":{"line":39,"column":46},"end":{"line":39,"column":54}},"type":"default-arg","locations":[{"start":{"line":39,"column":53},"end":{"line":39,"column":54}}]}},"s":{"0":1,"1":1,"2":1,"3":1,"4":1,"5":4,"6":3,"7":5,"8":5,"9":5,"10":22,"11":22,"12":5},"f":{"0":1,"1":1,"2":4,"3":3,"4":5},"b":{"0":[1,2],"1":[1,1],"2":[1]}}
}
